2015-02-07T21:49:50+01:00 ERR (3): Route with name "manage" does not have child routes
2015-02-07T21:50:41+01:00 ERR (3): Route with name "delete" not found
2015-02-07T22:21:00+01:00 NOTICE (5): Undefined variable: authenticationService {"errno":8,"file":"C:\\Projects\\Badenfahrt\\module\\User\\src\\User\\Controller\\UserController.php","line":112}
2015-02-07T22:23:28+01:00 NOTICE (5): Undefined variable: authenticationService {"errno":8,"file":"C:\\Projects\\Badenfahrt\\module\\User\\src\\User\\Controller\\UserController.php","line":112}
2015-02-07T22:25:59+01:00 ERR (3): Route with name "" not found
2015-02-07T22:27:12+01:00 ERR (3): Route with name "" not found
2015-02-07T22:30:53+01:00 ERR (3): Route with name "" not found
2015-02-07T22:32:10+01:00 ERR (3): Route with name "" not found
2015-02-07T22:32:48+01:00 ERR (3): Route with name "" not found
2015-02-07T22:32:55+01:00 ERR (3): Route with name "" not found
2015-02-07T22:33:35+01:00 ERR (3): Route with name "" not found
2015-02-07T22:39:29+01:00 NOTICE (5): Undefined variable: avatarRoute {"errno":8,"file":"C:\\Projects\\Badenfahrt\\module\\User\\src\\User\\Controller\\UserController.php","line":247}
2015-02-07T22:46:14+01:00 NOTICE (5): Undefined variable: authenticationService {"errno":8,"file":"C:\\Projects\\Badenfahrt\\module\\User\\src\\User\\Controller\\UserController.php","line":193}
2015-02-07T22:47:05+01:00 NOTICE (5): Undefined variable: user {"errno":8,"file":"C:\\Projects\\Badenfahrt\\module\\User\\view\\user\\user\\profile.phtml","line":13}
2015-02-07T23:57:30+01:00 ERR (3): You are not authorized to access User\Controller\User:profile
2015-02-08T00:49:26+01:00 ERR (3): You are not authorized to access User\Controller\User:profile
2015-02-08T01:07:31+01:00 ERR (3): An exception occurred while executing 'INSERT INTO user (password, identity, displayName, avatar, token, state, firstname, lastname, streetAndNr, city, postalCode, phone) VALUES (?, ?, ?, ?, ?, ?, ?, ?, ?, ?, ?, ?)' with params ["cc03e747a6afbbcbf8be7668acfebee5", "samuel.egger7@gmail.com", "Samuel Egger", null, "f7aced9aa26fce1a3523abeccd87e437", 0, "Samuel", "Egger", "Parkstrasse 1", "Ostermundigen", "3072", "Hallo Telefon"]:

SQLSTATE[22001]: String data, right truncated: 1406 Data too long for column 'phone' at row 1
2015-02-08T13:14:40+01:00 ERR (3): You are not authorized to access User\Controller\User:profile
2015-02-08T13:20:15+01:00 NOTICE (5): Undefined property: User\Model\User::$getState {"errno":8,"file":"C:\\Projects\\Badenfahrt\\module\\User\\src\\User\\Controller\\RegisterController.php","line":101}
2015-02-08T13:26:54+01:00 ERR (3): Zend\View\Renderer\PhpRenderer::render: Unable to render template "user/user/edit-avatar"; resolver could not resolve to a file
2015-02-08T13:27:13+01:00 ERR (3): Route with name "editavatar" not found
2015-02-08T13:47:05+01:00 ERR (3): Route with name "editavatar" not found
2015-02-08T13:54:41+01:00 ERR (3): Route with name "editavatar" not found
2015-02-08T13:55:53+01:00 ERR (3): Route with name "editavatar" not found
2015-02-08T15:55:41+01:00 ERR (3): You are not authorized to access User\Controller\User:profile
2015-02-08T16:20:50+01:00 ERR (3): You are not authorized to access User\Controller\User:profile
2015-02-08T18:43:04+01:00 WARN (4): mcrypt_encrypt(): Key of size 31 not supported by this algorithm. Only keys of sizes 16, 24 or 32 supported {"errno":2,"file":"C:\\Projects\\Badenfahrt\\module\\User\\src\\User\\Service\\UserPasswordService.php","line":30}
2015-02-08T18:45:04+01:00 WARN (4): mcrypt_encrypt(): Key of size 31 not supported by this algorithm. Only keys of sizes 16, 24 or 32 supported {"errno":2,"file":"C:\\Projects\\Badenfahrt\\module\\User\\src\\User\\Service\\UserPasswordService.php","line":30}
2015-02-08T18:45:48+01:00 WARN (4): mcrypt_encrypt(): Key of size 31 not supported by this algorithm. Only keys of sizes 16, 24 or 32 supported {"errno":2,"file":"C:\\Projects\\Badenfahrt\\module\\User\\src\\User\\Service\\UserPasswordService.php","line":30}
2015-02-08T18:55:37+01:00 WARN (4): mcrypt_encrypt(): Key of size 31 not supported by this algorithm. Only keys of sizes 16, 24 or 32 supported {"errno":2,"file":"C:\\Projects\\Badenfahrt\\module\\User\\src\\User\\Service\\UserPasswordService.php","line":30}
2015-02-08T19:08:14+01:00 ERR (3): An exception occurred while executing 'INSERT INTO user (password, identity, displayName, avatar, token, state, firstname, lastname, streetAndNr, city, postalCode, phone) VALUES (?, ?, ?, ?, ?, ?, ?, ?, ?, ?, ?, ?)' with params ["BTxbiYoGWoab512d8cgNgW9BdiowUOtjaJ3K\/wQ4Y1U=", "samuel.egger7@gmail.com", "Passwort", null, null, 0, "Samuel", "Egger", "Parkstrasse 1", "Ostermundigen", "3072", "0794288465"]:

SQLSTATE[23000]: Integrity constraint violation: 1062 Duplicate entry 'samuel.egger7@gmail.com' for key 'UNIQ_8D93D6496A95E9C4'
2015-02-08T19:09:14+01:00 ERR (3): An exception occurred while executing 'INSERT INTO user (password, identity, displayName, avatar, token, state, firstname, lastname, streetAndNr, city, postalCode, phone) VALUES (?, ?, ?, ?, ?, ?, ?, ?, ?, ?, ?, ?)' with params ["BTxbiYoGWoab512d8cgNgW9BdiowUOtjaJ3K\/wQ4Y1U=", "samuel.egger7@gmail.com", "Passwort", null, null, 0, "Samuel", "Egger", "Parkstrasse 1", "Ostermundigen", "3072", "0794288465"]:

SQLSTATE[23000]: Integrity constraint violation: 1062 Duplicate entry 'samuel.egger7@gmail.com' for key 'UNIQ_8D93D6496A95E9C4'
2015-02-08T19:10:07+01:00 ERR (3): An exception occurred while executing 'INSERT INTO user (password, identity, displayName, avatar, token, state, firstname, lastname, streetAndNr, city, postalCode, phone) VALUES (?, ?, ?, ?, ?, ?, ?, ?, ?, ?, ?, ?)' with params ["BTxbiYoGWoab512d8cgNgW9BdiowUOtjaJ3K\/wQ4Y1U=", "samuel.egger7@gmail.com", "Passwort", null, null, 0, "Samuel", "Egger", "Parkstrasse 1", "Ostermundigen", "3072", "0794288465"]:

SQLSTATE[23000]: Integrity constraint violation: 1062 Duplicate entry 'samuel.egger7@gmail.com' for key 'UNIQ_8D93D6496A95E9C4'
